[2024-05-15 20:11:31] production.ERROR: No arguments expected for "key:generate" command, got "show". {"exception":"[object] (Symfony\\Component\\Console\\Exception\\RuntimeException(code: 0): No arguments expected for \"key:generate\" command, got \"show\". at G:\\saas\\laravel\\vendor\\symfony\\console\\Input\\ArgvInput.php:190)
[stacktrace]
#0 G:\\saas\\laravel\\vendor\\symfony\\console\\Input\\ArgvInput.php(83): Symfony\\Component\\Console\\Input\\ArgvInput->parseArgument()
#1 G:\\saas\\laravel\\vendor\\symfony\\console\\Input\\ArgvInput.php(68): Symfony\\Component\\Console\\Input\\ArgvInput->parseToken()
#2 G:\\saas\\laravel\\vendor\\symfony\\console\\Input\\Input.php(53): Symfony\\Component\\Console\\Input\\ArgvInput->parse()
#3 G:\\saas\\laravel\\vendor\\symfony\\console\\Command\\Command.php(238): Symfony\\Component\\Console\\Input\\Input->bind()
#4 G:\\saas\\laravel\\vendor\\laravel\\framework\\src\\Illuminate\\Console\\Command.php(181): Symfony\\Component\\Console\\Command\\Command->run()
#5 G:\\saas\\laravel\\vendor\\symfony\\console\\Application.php(1049): Illuminate\\Console\\Command->run()
#6 G:\\saas\\laravel\\vendor\\symfony\\console\\Application.php(318): Symfony\\Component\\Console\\Application->doRunCommand()
#7 G:\\saas\\laravel\\vendor\\symfony\\console\\Application.php(169): Symfony\\Component\\Console\\Application->doRun()
#8 G:\\saas\\laravel\\vendor\\laravel\\framework\\src\\Illuminate\\Foundation\\Console\\Kernel.php(196): Symfony\\Component\\Console\\Application->run()
#9 G:\\saas\\laravel\\artisan(35): Illuminate\\Foundation\\Console\\Kernel->handle()
#10 {main}
"} 
[2024-05-15 20:11:44] production.ERROR: The "-s" option does not exist. {"exception":"[object] (Symfony\\Component\\Console\\Exception\\RuntimeException(code: 0): The \"-s\" option does not exist. at G:\\saas\\laravel\\vendor\\symfony\\console\\Input\\ArgvInput.php:119)
[stacktrace]
#0 G:\\saas\\laravel\\vendor\\symfony\\console\\Input\\ArgvInput.php(101): Symfony\\Component\\Console\\Input\\ArgvInput->parseShortOptionSet()
#1 G:\\saas\\laravel\\vendor\\symfony\\console\\Input\\ArgvInput.php(81): Symfony\\Component\\Console\\Input\\ArgvInput->parseShortOption()
#2 G:\\saas\\laravel\\vendor\\symfony\\console\\Input\\ArgvInput.php(68): Symfony\\Component\\Console\\Input\\ArgvInput->parseToken()
#3 G:\\saas\\laravel\\vendor\\symfony\\console\\Input\\Input.php(53): Symfony\\Component\\Console\\Input\\ArgvInput->parse()
#4 G:\\saas\\laravel\\vendor\\symfony\\console\\Command\\Command.php(238): Symfony\\Component\\Console\\Input\\Input->bind()
#5 G:\\saas\\laravel\\vendor\\laravel\\framework\\src\\Illuminate\\Console\\Command.php(181): Symfony\\Component\\Console\\Command\\Command->run()
#6 G:\\saas\\laravel\\vendor\\symfony\\console\\Application.php(1049): Illuminate\\Console\\Command->run()
#7 G:\\saas\\laravel\\vendor\\symfony\\console\\Application.php(318): Symfony\\Component\\Console\\Application->doRunCommand()
#8 G:\\saas\\laravel\\vendor\\symfony\\console\\Application.php(169): Symfony\\Component\\Console\\Application->doRun()
#9 G:\\saas\\laravel\\vendor\\laravel\\framework\\src\\Illuminate\\Foundation\\Console\\Kernel.php(196): Symfony\\Component\\Console\\Application->run()
#10 G:\\saas\\laravel\\artisan(35): Illuminate\\Foundation\\Console\\Kernel->handle()
#11 {main}
"} 
